android/proguard/seeds.txt
com.blackbourna.softeng.MazeBallActivity
com.blackbourna.softeng.MazeBallActivity: MazeBallActivity()
com.blackbourna.softeng.R$drawable: int ic_action_search
com.blackbourna.softeng.R$drawable: int ic_launcher
com.blackbourna.softeng.R$id: int menu_settings
com.blackbourna.softeng.R$layout: int activity_main
com.blackbourna.softeng.R$menu: int activity_main
com.blackbourna.softeng.R$string: int app_name
com.blackbourna.softeng.R$string: int hello_world
com.blackbourna.softeng.R$string: int menu_settings
com.blackbourna.softeng.R$string: int title_activity_main
com.blackbourna.softeng.R$style: int AppTheme
com.blackbourna.softeng.R$xml: int config
...
android.support.v4.app.BackStackState
android.support.v4.app.BackStackState: android.os.Parcelable$Creator CREATOR
android.support.v4.app.Fragment$SavedState
android.support.v4.app.Fragment$SavedState: android.os.Parcelable$Creator CREATOR
android.support.v4.app.FragmentManagerState
android.support.v4.app.FragmentManagerState: android.os.Parcelable$Creator CREATOR
android.support.v4.app.FragmentState
android.support.v4.app.FragmentState: android.os.Parcelable$Creator CREATOR
android.support.v4.content.ModernAsyncTask$Status: android.support.v4.content.ModernAsyncTask$Status[] values()
android.support.v4.content.ModernAsyncTask$Status: android.support.v4.content.ModernAsyncTask$Status valueOf(java.lang.String)
android.support.v4.view.PagerTabStrip: void setTabIndicatorColor(int)
android.support.v4.view.PagerTabStrip: void setTabIndicatorColorResource(int)
android.support.v4.view.PagerTabStrip: int getTabIndicatorColor()
android.support.v4.view.PagerTabStrip: void setTextSpacing(int)
android.support.v4.view.PagerTabStrip: void setBackgroundDrawable(android.graphics.drawable.Drawable)
android.support.v4.view.PagerTabStrip: void setBackgroundColor(int)
android.support.v4.view.PagerTabStrip: void setBackgroundResource(int)
android.support.v4.view.PagerTabStrip: void setDrawFullUnderline(boolean)
android.support.v4.view.PagerTabStrip: boolean getDrawFullUnderline()
android.support.v4.view.PagerTabStrip: int getMinHeight()
android.support.v4.view.PagerTitleStrip: void setSingleLineAllCaps(android.widget.TextView)
android.support.v4.view.PagerTitleStrip: void setTextSpacing(int)
android.support.v4.view.PagerTitleStrip: int getTextSpacing()
android.support.v4.view.PagerTitleStrip: void setNonPrimaryAlpha(float)
android.support.v4.view.PagerTitleStrip: void setTextColor(int)
android.support.v4.view.PagerTitleStrip: void setGravity(int)
android.support.v4.view.PagerTitleStrip: int getMinHeight()
android.support.v4.view.ViewPager: void setScrollState(int)
android.support.v4.view.ViewPager: void setAdapter(android.support.v4.view.PagerAdapter)
android.support.v4.view.ViewPager: android.support.v4.view.PagerAdapter getAdapter()
android.support.v4.view.ViewPager: void setOnAdapterChangeListener(android.support.v4.view.ViewPager$OnAdapterChangeListener)
android.support.v4.view.ViewPager: void setCurrentItem(int)
android.support.v4.view.ViewPager: int getCurrentItem()
android.support.v4.view.ViewPager: void setOnPageChangeListener(android.support.v4.view.ViewPager$OnPageChangeListener)
android.support.v4.view.ViewPager: int getOffscreenPageLimit()
android.support.v4.view.ViewPager: void setOffscreenPageLimit(int)
android.support.v4.view.ViewPager: void setPageMargin(int)
android.support.v4.view.ViewPager: int getPageMargin()
android.support.v4.view.ViewPager: void setPageMarginDrawable(android.graphics.drawable.Drawable)
android.support.v4.view.ViewPager: void setPageMarginDrawable(int)
android.support.v4.view.ViewPager: void setScrollingCacheEnabled(boolean)
android.support.v4.view.ViewPager$SavedState
android.support.v4.view.ViewPager$SavedState: android.os.Parcelable$Creator CREATOR
com.phonegap.api.Plugin
org.apache.cordova.AccelListener
org.apache.cordova.App
org.apache.cordova.AudioHandler
org.apache.cordova.AudioPlayer
org.apache.cordova.AudioPlayer$MODE
org.apache.cordova.AudioPlayer$MODE: org.apache.cordova.AudioPlayer$MODE[] values()
org.apache.cordova.AudioPlayer$MODE: org.apache.cordova.AudioPlayer$MODE valueOf(java.lang.String)
org.apache.cordova.AudioPlayer$STATE
org.apache.cordova.AudioPlayer$STATE: org.apache.cordova.AudioPlayer$STATE[] values()
org.apache.cordova.AudioPlayer$STATE: org.apache.cordova.AudioPlayer$STATE valueOf(java.lang.String)
org.apache.cordova.AuthenticationToken
org.apache.cordova.BatteryListener
org.apache.cordova.BuildConfig
org.apache.cordova.CallbackServer
org.apache.cordova.CameraLauncher
org.apache.cordova.Capture
org.apache.cordova.CompassListener
org.apache.cordova.ContactAccessor