android/proguard/mapping.txt
com.blackbourna.softeng.MazeBallActivity -> com.blackbourna.softeng.MazeBallActivity:
    android.os.PowerManager$WakeLock wakelock -> a
    void onCreate(android.os.Bundle) -> onCreate
    void onDestroy() -> onDestroy
    void onPause() -> onPause
    boolean onCreateOptionsMenu(android.view.Menu) -> onCreateOptionsMenu
...
android.support.v4.app.ActivityCompatHoneycomb -> android.support.v4.app.a:
    void invalidateOptionsMenu(android.app.Activity) -> a
android.support.v4.app.BackStackRecord -> android.support.v4.app.b:
    android.support.v4.app.FragmentManagerImpl mManager -> a
    android.support.v4.app.BackStackRecord$Op mHead -> b
    android.support.v4.app.BackStackRecord$Op mTail -> c
    int mNumOp -> d
    int mEnterAnim -> e
    int mExitAnim -> f
    int mPopEnterAnim -> g
    int mPopExitAnim -> h
    int mTransition -> i
    int mTransitionStyle -> j
    boolean mAddToBackStack -> k
    boolean mAllowAddToBackStack -> l
    java.lang.String mName -> m
    boolean mCommitted -> n
    int mIndex -> o
    int mBreadCrumbTitleRes -> p
    java.lang.CharSequence mBreadCrumbTitleText -> q
    int mBreadCrumbShortTitleRes -> r
    java.lang.CharSequence mBreadCrumbShortTitleText -> s
    void dump(java.lang.String,java.io.FileDescriptor,java.io.PrintWriter,java.lang.String[]) -> a
    void addOp(android.support.v4.app.BackStackRecord$Op) -> a
    void bumpBackStackNesting(int) -> a
    void run() -> run
    void popFromBackStack(boolean) -> a
    java.lang.String getName() -> a
android.support.v4.app.BackStackRecord$Op -> android.support.v4.app.c:
    android.support.v4.app.BackStackRecord$Op next -> a
    android.support.v4.app.BackStackRecord$Op prev -> b
    int cmd -> c
    android.support.v4.app.Fragment fragment -> d
    int enterAnim -> e
    int exitAnim -> f
    int popEnterAnim -> g
    int popExitAnim -> h
    java.util.ArrayList removed -> i
android.support.v4.app.BackStackState -> android.support.v4.app.BackStackState:
    int[] mOps -> a
    int mTransition -> b
    int mTransitionStyle -> c
    java.lang.String mName -> d
    int mIndex -> e
    int mBreadCrumbTitleRes -> f
    java.lang.CharSequence mBreadCrumbTitleText -> g
    int mBreadCrumbShortTitleRes -> h
    java.lang.CharSequence mBreadCrumbShortTitleText -> i
    android.os.Parcelable$Creator CREATOR -> CREATOR
    android.support.v4.app.BackStackRecord instantiate(android.support.v4.app.FragmentManagerImpl) -> a
    int describeContents() -> describeContents
    void writeToParcel(android.os.Parcel,int) -> writeToParcel
android.support.v4.app.BackStackState$1 -> android.support.v4.app.d:
    android.support.v4.app.BackStackState createFromParcel(android.os.Parcel) -> a
    android.support.v4.app.BackStackState[] newArray(int) -> a
    java.lang.Object[] newArray(int) -> newArray
    java.lang.Object createFromParcel(android.os.Parcel) -> createFromParcel
android.support.v4.app.Fragment -> android.support.v4.app.Fragment:
    java.util.HashMap sClassMap -> N
    int mState -> a
    android.view.View mAnimatingAway -> b
    int mStateAfterAnimating -> c
    android.os.Bundle mSavedFragmentState -> d
    android.util.SparseArray mSavedViewState -> e
    int mIndex -> f
    java.lang.String mWho -> g
    android.os.Bundle mArguments -> h
    android.support.v4.app.Fragment mTarget -> i
    int mTargetIndex -> j
    int mTargetRequestCode -> k
    boolean mAdded -> l
    boolean mRemoving -> m
    boolean mResumed -> n
    boolean mFromLayout -> o
    boolean mInLayout -> p
    boolean mRestored -> q
    int mBackStackNesting -> r
    android.support.v4.app.FragmentManagerImpl mFragmentManager -> s
    android.support.v4.app.FragmentActivity mActivity -> t
    int mFragmentId -> u
    int mContainerId -> v
    java.lang.String mTag -> w
    boolean mHidden -> x
    boolean mDetached -> y
    boolean mRetainInstance -> z
    boolean mRetaining -> A
    boolean mHasMenu -> B
    boolean mMenuVisible -> C
    boolean mCalled -> D
    int mNextAnim -> E
    android.view.ViewGroup mContainer -> F
    android.view.View mView -> G
    android.view.View mInnerView -> H
    boolean mDeferStart -> I
    boolean mUserVisibleHint -> J
    android.support.v4.app.LoaderManagerImpl mLoaderManager -> K
    boolean mLoadersStarted -> L
    boolean mCheckedForLoaderManager -> M