android/proguard/usage.txt
com.blackbourna.softeng.BuildConfig
com.blackbourna.softeng.R
com.blackbourna.softeng.R$attr
com.blackbourna.softeng.R$drawable
com.blackbourna.softeng.R$id
com.blackbourna.softeng.R$layout
com.blackbourna.softeng.R$menu
com.blackbourna.softeng.R$string
com.blackbourna.softeng.R$style
com.blackbourna.softeng.R$xml
...
android.support.v4.accessibilityservice.AccessibilityServiceInfoCompat$AccessibilityServiceInfoStubImpl
android.support.v4.accessibilityservice.AccessibilityServiceInfoCompat$AccessibilityServiceInfoVersionImpl
android.support.v4.accessibilityservice.AccessibilityServiceInfoCompatIcs
android.support.v4.app.ActivityCompat
android.support.v4.app.ActivityCompatHoneycomb:
    27:27:ActivityCompatHoneycomb()
    34:35:static void dump(android.app.Activity,java.lang.String,java.io.FileDescriptor,java.io.PrintWriter,java.lang.String[])
android.support.v4.app.BackStackRecord:
    static final java.lang.String TAG
    static final int OP_NULL
    static final int OP_ADD
    static final int OP_REPLACE
    static final int OP_REMOVE
    static final int OP_HIDE
    static final int OP_SHOW
    static final int OP_DETACH
    static final int OP_ATTACH
    296:296:public int getId()
    300:300:public int getBreadCrumbTitleRes()
    304:304:public int getBreadCrumbShortTitleRes()
    308:311:public java.lang.CharSequence getBreadCrumbTitle()
    315:318:public java.lang.CharSequence getBreadCrumbShortTitle()
    337:338:public android.support.v4.app.FragmentTransaction add(android.support.v4.app.Fragment,java.lang.String)
    342:343:public android.support.v4.app.FragmentTransaction add(int,android.support.v4.app.Fragment)
    347:348:public android.support.v4.app.FragmentTransaction add(int,android.support.v4.app.Fragment,java.lang.String)
    352:376:private void doAddOp(int,android.support.v4.app.Fragment,java.lang.String,int)
    379:379:public android.support.v4.app.FragmentTransaction replace(int,android.support.v4.app.Fragment)
    383:388:public android.support.v4.app.FragmentTransaction replace(int,android.support.v4.app.Fragment,java.lang.String)
    392:397:public android.support.v4.app.FragmentTransaction remove(android.support.v4.app.Fragment)
    401:406:public android.support.v4.app.FragmentTransaction hide(android.support.v4.app.Fragment)
android.support.v4.app.DialogFragment
android.support.v4.app.Fragment:
    static final int INITIALIZING
    static final int CREATED
    static final int ACTIVITY_CREATED
    static final int STOPPED
    static final int STARTED
    static final int RESUMED
    465:465:public final int getId()
    472:472:public final java.lang.String getTag()
    483:487:public void setArguments(android.os.Bundle)
    494:494:public final android.os.Bundle getArguments()
    506:511:public void setInitialSavedState(android.support.v4.app.Fragment$SavedState)
    525:527:public void setTargetFragment(android.support.v4.app.Fragment,int)
    533:533:public final android.support.v4.app.Fragment getTargetFragment()
    540:540:public final int getTargetRequestCode()
    554:557:public final android.content.res.Resources getResources()
    567:567:public final java.lang.CharSequence getText(int)
    577:577:public final java.lang.String getString(int)
    590:590:public final varargs java.lang.String getString(int,java.lang.Object[])
    601:601:public final android.support.v4.app.FragmentManager getFragmentManager()
    608:608:public final boolean isAdded()
    617:617:public final boolean isDetached()
    626:626:public final boolean isRemoving()
    637:637:public final boolean isInLayout()
    645:645:public final boolean isResumed()
    654:654:public final boolean isVisible()
    666:666:public final boolean isHidden()
    694:695:public void setRetainInstance(boolean)
    698:698:public final boolean getRetainInstance()
android.support.v4.app.Fragment$SavedState:
    295:297:Fragment$SavedState(android.os.Bundle)